<?xml version="1.0" encoding="UTF-8"?>
<!-- Generated by org.testng.reporters.JUnitReportReporter -->
<testsuite hostname="LTIN186662" failures="0" tests="4" name="stepRunner.stepRun" time="90.983" errors="0" timestamp="2024-03-07T17:04:04 IST" skipped="0">
  <testcase classname="stepRunner.stepRun" name="runScenario" time="39.430"/>
  <system-out/>
  <testcase classname="stepRunner.stepRun" name="runScenario" time="19.492"/>
  <system-out/>
  <testcase classname="stepRunner.stepRun" name="runScenario" time="18.981"/>
  <system-out/>
  <testcase classname="stepRunner.stepRun" name="runScenario" time="13.080"/>
  <system-out/>
</testsuite> <!-- stepRunner.stepRun -->
