<?xml version="1.0" encoding="UTF-8"?>
<!-- Generated by org.testng.reporters.JUnitReportReporter -->
<testsuite hostname="LTIN186662" failures="0" tests="8" name="testNG.traveltestNG" time="20.354" errors="0" timestamp="2024-03-07T17:20:40 IST" skipped="0">
  <testcase classname="testNG.traveltestNG" name="user_is_present_on_policybazaar_com" time="1.594"/>
  <system-out/>
  <testcase classname="testNG.traveltestNG" name="user_clicks_on_travel_insurance_option_from_all_the_options_available_on_the_main_page" time="1.691"/>
  <system-out/>
  <testcase classname="testNG.traveltestNG" name="user_enters_the_country" time="5.086"/>
  <system-out/>
  <testcase classname="testNG.traveltestNG" name="user_selects_the_start_date_and_end_date_of_the_trip" time="2.519"/>
  <system-out/>
  <testcase classname="testNG.traveltestNG" name="user_enters_the_number_of_students_traveling_along_with_their_age" time="3.816"/>
  <system-out/>
  <testcase classname="testNG.traveltestNG" name="user_enters_pre_existing_medical_condition_if_any" time="1.119"/>
  <system-out/>
  <testcase classname="testNG.traveltestNG" name="user_enters_mobile_number_and_clicks_on_submit_button" time="2.722"/>
  <system-out/>
  <testcase classname="testNG.traveltestNG" name="user_is_navigated_to_results_page" time="1.807"/>
  <system-out/>
</testsuite> <!-- testNG.traveltestNG -->
