<?xml version="1.0" encoding="UTF-8"?>
<!-- Generated by org.testng.reporters.JUnitReportReporter -->
<testsuite hostname="LTIN186662" failures="0" tests="7" name="testNG.travel_resultTestNG" time="13.589" errors="0" timestamp="2024-02-29T12:58:06 IST" skipped="0">
  <testcase classname="testNG.travel_resultTestNG" name="user_selects_student_plan_from_the_filter_options" time="2.354"/>
  <system-out/>
  <testcase classname="testNG.travel_resultTestNG" name="student_travel_information_slider_page_is_opened" time="0.001"/>
  <system-out/>
  <testcase classname="testNG.travel_resultTestNG" name="user_selects_the_student_visa_for_both_the_student_travellers" time="0.889"/>
  <system-out/>
  <testcase classname="testNG.travel_resultTestNG" name="user_enters_the_duration_of_the_trip_and_clicks_on_apply_changes" time="0.760"/>
  <system-out/>
  <testcase classname="testNG.travel_resultTestNG" name="user_selects_premium_low_to_high_filter_from_sort_by_dropdown" time="5.584"/>
  <system-out/>
  <testcase classname="testNG.travel_resultTestNG" name="insurance_plans_are_displayed_and_top3_cheapest_plan_names_along_with_their_is_captured" time="0.989"/>
  <system-out/>
  <testcase classname="testNG.travel_resultTestNG" name="user_is_navigated_to_main_page" time="3.012"/>
  <system-out/>
</testsuite> <!-- testNG.travel_resultTestNG -->
