<?xml version="1.0" encoding="UTF-8"?>
<!-- Generated by org.testng.reporters.JUnitReportReporter -->
<testsuite hostname="LTIN186662" failures="0" tests="4" name="testNG.healthtestNG" time="4.902" errors="0" timestamp="2024-02-29T12:58:06 IST" skipped="0">
  <testcase classname="testNG.healthtestNG" name="intial" time="0.002"/>
  <system-out/>
  <testcase classname="testNG.healthtestNG" name="user_hovers_over_the_insurance_plans_on_main_page" time="3.116"/>
  <system-out/>
  <testcase classname="testNG.healthtestNG" name="finds_health_insurance_option_from_the_list" time="0.377"/>
  <system-out/>
  <testcase classname="testNG.healthtestNG" name="all_the_options_under_health_insurance_are_displayed" time="1.407"/>
  <system-out/>
</testsuite> <!-- testNG.healthtestNG -->
