<?xml version="1.0" encoding="UTF-8"?>
<!-- Generated by org.testng.reporters.JUnitReportReporter -->
<testsuite hostname="LTIN186662" failures="0" tests="9" name="testNG.cartestNG" time="15.413" errors="0" timestamp="2024-02-29T12:58:06 IST" skipped="0">
  <testcase classname="testNG.cartestNG" name="intial" time="0.009"/>
  <system-out/>
  <testcase classname="testNG.cartestNG" name="user_clicks_on_car_insurance_option_from_all_the_options_available_on_the_main_page" time="1.477"/>
  <system-out/>
  <testcase classname="testNG.cartestNG" name="user_clicks_on_buying_a_new_car_option" time="6.097"/>
  <system-out/>
  <testcase classname="testNG.cartestNG" name="user_selects_the_city_and_car_number" time="1.097"/>
  <system-out/>
  <testcase classname="testNG.cartestNG" name="user_selects_the_car_brand" time="0.934"/>
  <system-out/>
  <testcase classname="testNG.cartestNG" name="user_selects_the_car_model_type_and_other_features" time="1.770"/>
  <system-out/>
  <testcase classname="testNG.cartestNG" name="user_fills_the_personal_details_with_invalid_email" time="1.945"/>
  <system-out/>
  <testcase classname="testNG.cartestNG" name="invalid_email_error_is_shown" time="0.045"/>
  <system-out/>
  <testcase classname="testNG.cartestNG" name="user_is_navigated_to_main_policybazaar_page" time="2.039"/>
  <system-out/>
</testsuite> <!-- testNG.cartestNG -->
