<?xml version="1.0" encoding="UTF-8"?>
<!-- Generated by org.testng.reporters.JUnitReportReporter -->
<testsuite hostname="LTIN186662" failures="0" tests="8" name="testNG.traveltestNG" time="35.585" errors="0" timestamp="2024-02-29T12:58:06 IST" skipped="0">
  <testcase classname="testNG.traveltestNG" name="user_is_present_on_policybazaar_com" time="2.562"/>
  <system-out/>
  <testcase classname="testNG.traveltestNG" name="user_clicks_on_travel_insurance_option_from_all_the_options_available_on_the_main_page" time="3.083"/>
  <system-out/>
  <testcase classname="testNG.traveltestNG" name="user_enters_the_country" time="7.599"/>
  <system-out/>
  <testcase classname="testNG.traveltestNG" name="user_selects_the_start_date_and_end_date_of_the_trip" time="6.442"/>
  <system-out/>
  <testcase classname="testNG.traveltestNG" name="user_enters_the_number_of_students_traveling_along_with_their_age" time="7.213"/>
  <system-out/>
  <testcase classname="testNG.traveltestNG" name="user_enters_pre_existing_medical_condition_if_any" time="2.177"/>
  <system-out/>
  <testcase classname="testNG.traveltestNG" name="user_enters_mobile_number_and_clicks_on_submit_button" time="3.637"/>
  <system-out/>
  <testcase classname="testNG.traveltestNG" name="user_is_navigated_to_results_page" time="2.872"/>
  <system-out/>
</testsuite> <!-- testNG.traveltestNG -->
